<?xml version="1.0" encoding="UTF-8"?>
<!-- Generated by org.testng.reporters.JUnitReportReporter -->
<testsuite hostname="LAPTOP-A2V8665L" failures="0" tests="2" name="com.testautomation.TestRunner.TestRunner" time="176.833" errors="0" timestamp="2020-07-29T14:02:19 IST" skipped="0">
  <testcase classname="com.testautomation.TestRunner.TestRunner" name="feature" time="113.744"/>
  <system-out/>
  <testcase classname="com.testautomation.TestRunner.TestRunner" name="feature" time="63.089"/>
  <system-out/>
</testsuite> <!-- com.testautomation.TestRunner.TestRunner -->
