<?xml version="1.0" encoding="UTF-8"?>
<!-- Generated by org.testng.reporters.JUnitReportReporter -->
<testsuite skipped="0" hostname="A2ML22312" name="com.philips.Script.MainTestRunner" tests="1" failures="0" timestamp="01 Jul 2020 06:58:17 GMT" time="47.387" errors="0">
  <testcase name="testParallel" time="47.387" classname="com.philips.Script.MainTestRunner"/>
</testsuite> <!-- com.philips.Script.MainTestRunner -->
