<?xml version="1.0" encoding="UTF-8"?>
<!-- Generated by org.testng.reporters.JUnitReportReporter -->
<testsuite skipped="0" hostname="A2ML37922" name="Pages.ApiTestRunner" tests="1" failures="0" timestamp="03 Jul 2020 05:37:46 GMT" time="4.258" errors="0">
  <testcase name="testParallel" time="4.258" classname="Pages.ApiTestRunner"/>
</testsuite> <!-- Pages.ApiTestRunner -->
