<?xml version="1.0" encoding="UTF-8"?>
<!-- Generated by org.testng.reporters.JUnitReportReporter -->
<testsuite skipped="0" hostname="A2ML22312" name="feature.ApiTestRunner" tests="1" failures="0" timestamp="30 Jun 2020 03:28:49 GMT" time="9.740" errors="0">
  <testcase name="testParallel" time="9.740" classname="feature.ApiTestRunner"/>
</testsuite> <!-- feature.ApiTestRunner -->
